[1] "/fh/fast/shou_w/Robin_Code/full_pipeline/Robin_Analysis/RADseq_tests/RJG_RADSeq/reads/matched/euploid_panel"
[1] "a"
                V1     V2   V3 V4           V5
1  Supercontig_1.2 689686  747  2 5.840252e-06
2  Supercontig_1.5 163755 2847  2 5.840252e-06
3 Supercontig_1.14 185441 1048  2 5.840252e-06
4  Supercontig_1.4 415628   34  1 2.920126e-06
5  Supercontig_1.5 682046  248  3 8.760377e-06
6 Supercontig_1.13 216172  831  5 1.460063e-05
[1] "b"
[1] "c"
[1] "d"
[1] "e"
[1] "f"
[1] "g"
[1] "h"
[1] "i"
[1] 1
[1] 2
There were 50 or more warnings (use warnings() to see the first 50)
[1] 3
[1] 4
There were 50 or more warnings (use warnings() to see the first 50)
[1] 1
There were 50 or more warnings (use warnings() to see the first 50)
[1] 2
There were 50 or more warnings (use warnings() to see the first 50)
[1] 3
[1] 4
There were 50 or more warnings (use warnings() to see the first 50)
[1] 5
There were 50 or more warnings (use warnings() to see the first 50)
[1] 6
There were 50 or more warnings (use warnings() to see the first 50)
[1] 7
Error: object 'z' not found
Execution halted
